<?xml version="1.0" encoding="UTF-8"?>
<!-- Generated by org.testng.reporters.JUnitReportReporter -->
<testsuite hostname="HOME" name="com.thoughtworks.prob1.test.TestValidatorsAndTransformers" tests="2" failures="0" timestamp="19 Jun 2014 19:24:25 GMT" time="0.002" errors="0">
  <testcase name="testExpression" time="0.001" classname="com.thoughtworks.prob1.test.TestValidatorsAndTransformers"/>
  <testcase name="testInputAll" time="0.001" classname="com.thoughtworks.prob1.test.TestValidatorsAndTransformers"/>
</testsuite>
