<?xml version="1.0" encoding="UTF-8"?>
<!-- Generated by org.testng.reporters.JUnitReportReporter -->
<testsuite hostname="HOME" name="com.thoughtworks.prob1.test.TestTaskProcessor" tests="2" failures="0" timestamp="19 Jun 2014 19:24:25 GMT" time="0.076" errors="0">
  <testcase name="testQueryProcessor" time="0.062" classname="com.thoughtworks.prob1.test.TestTaskProcessor"/>
  <testcase name="testTransformValidate" time="0.014" classname="com.thoughtworks.prob1.test.TestTaskProcessor"/>
</testsuite>
