<?xml version="1.0" encoding="UTF-8"?>
<!-- Generated by org.testng.reporters.JUnitReportReporter -->
<testsuite hostname="HOME" name="com.thoughtworks.prob1.test.TestExpr" tests="4" failures="0" timestamp="19 Jun 2014 19:24:25 GMT" time="0.031" errors="0">
  <testcase name="testBaseExpression2" time="0.001" classname="com.thoughtworks.prob1.test.TestExpr"/>
  <testcase name="testBaseExpression4" time="0.002" classname="com.thoughtworks.prob1.test.TestExpr"/>
  <testcase name="testBaseExpression3" time="0.002" classname="com.thoughtworks.prob1.test.TestExpr"/>
  <testcase name="testBaseExpression1" time="0.026" classname="com.thoughtworks.prob1.test.TestExpr"/>
</testsuite>
