<?xml version="1.0" encoding="UTF-8"?>
<!-- Generated by org.testng.reporters.JUnitXMLReporter -->
<testsuite hostname="HOME" name="Command line test" tests="10" failures="0" timestamp="19 Jun 2014 19:24:24 GMT" time="0.154" errors="0">
  <testcase name="testBaseExpression1" time="0.026" classname="com.thoughtworks.prob1.test.TestExpr"/>
  <testcase name="testBaseExpression2" time="0.0010" classname="com.thoughtworks.prob1.test.TestExpr"/>
  <testcase name="testBaseExpression3" time="0.0020" classname="com.thoughtworks.prob1.test.TestExpr"/>
  <testcase name="testBaseExpression4" time="0.0020" classname="com.thoughtworks.prob1.test.TestExpr"/>
  <testcase name="testQueryProcessor" time="0.062" classname="com.thoughtworks.prob1.test.TestTaskProcessor"/>
  <testcase name="testTransformValidate" time="0.014" classname="com.thoughtworks.prob1.test.TestTaskProcessor"/>
  <testcase name="testCalc" time="0.0010" classname="com.thoughtworks.prob1.test.TestUtil"/>
  <testcase name="testInvalidString" time="0.0010" classname="com.thoughtworks.prob1.test.TestUtil"/>
  <testcase name="testExpression" time="0.0010" classname="com.thoughtworks.prob1.test.TestValidatorsAndTransformers"/>
  <testcase name="testInputAll" time="0.0010" classname="com.thoughtworks.prob1.test.TestValidatorsAndTransformers"/>
</testsuite>
