<?xml version="1.0" encoding="UTF-8"?>
<testng-results skipped="0" failed="0" total="10" passed="10">
  <reporter-output>
  </reporter-output>
  <suite name="Command line suite" duration-ms="154" started-at="2014-06-20T00:54:24Z" finished-at="2014-06-20T00:54:24Z">
    <groups>
    </groups>
    <test name="Command line test" duration-ms="154" started-at="2014-06-20T00:54:24Z" finished-at="2014-06-20T00:54:24Z">
      <class name="com.thoughtworks.prob1.test.TestExpr">
        <test-method status="PASS" signature="testBaseExpression1()[pri:0, instance:com.thoughtworks.prob1.test.TestExpr@2b275d39]" name="testBaseExpression1" duration-ms="26" started-at="2014-06-20T00:54:24Z" finished-at="2014-06-20T00:54:24Z">
        </test-method>
        <test-method status="PASS" signature="testBaseExpression2()[pri:0, instance:com.thoughtworks.prob1.test.TestExpr@2b275d39]" name="testBaseExpression2" duration-ms="1" started-at="2014-06-20T00:54:24Z" finished-at="2014-06-20T00:54:24Z">
        </test-method>
        <test-method status="PASS" signature="testBaseExpression3()[pri:0, instance:com.thoughtworks.prob1.test.TestExpr@2b275d39]" name="testBaseExpression3" duration-ms="2" started-at="2014-06-20T00:54:24Z" finished-at="2014-06-20T00:54:24Z">
        </test-method>
        <test-method status="PASS" signature="testBaseExpression4()[pri:0, instance:com.thoughtworks.prob1.test.TestExpr@2b275d39]" name="testBaseExpression4" duration-ms="2" started-at="2014-06-20T00:54:24Z" finished-at="2014-06-20T00:54:24Z">
        </test-method>
      </class>
      <class name="com.thoughtworks.prob1.test.TestTaskProcessor">
        <test-method status="PASS" signature="testQueryProcessor()[pri:0, instance:com.thoughtworks.prob1.test.TestTaskProcessor@25595f51]" name="testQueryProcessor" duration-ms="62" started-at="2014-06-20T00:54:24Z" finished-at="2014-06-20T00:54:24Z">
        </test-method>
        <test-method status="PASS" signature="testTransformValidate()[pri:0, instance:com.thoughtworks.prob1.test.TestTaskProcessor@25595f51]" name="testTransformValidate" duration-ms="14" started-at="2014-06-20T00:54:24Z" finished-at="2014-06-20T00:54:24Z">
        </test-method>
      </class>
      <class name="com.thoughtworks.prob1.test.TestUtil">
        <test-method status="PASS" signature="testCalc()[pri:0, instance:com.thoughtworks.prob1.test.TestUtil@604e280c]" name="testCalc" duration-ms="1" started-at="2014-06-20T00:54:24Z" finished-at="2014-06-20T00:54:24Z">
        </test-method>
        <test-method status="PASS" signature="testInvalidString()[pri:0, instance:com.thoughtworks.prob1.test.TestUtil@604e280c]" name="testInvalidString" duration-ms="1" started-at="2014-06-20T00:54:24Z" finished-at="2014-06-20T00:54:24Z">
        </test-method>
      </class>
      <class name="com.thoughtworks.prob1.test.TestValidatorsAndTransformers">
        <test-method status="PASS" signature="prepareData()[pri:0, instance:com.thoughtworks.prob1.test.TestValidatorsAndTransformers@29c56c60]" name="prepareData" is-config="true" duration-ms="3" started-at="2014-06-20T00:54:24Z" finished-at="2014-06-20T00:54:24Z">
        </test-method>
        <test-method status="PASS" signature="testExpression()[pri:0, instance:com.thoughtworks.prob1.test.TestValidatorsAndTransformers@29c56c60]" name="testExpression" duration-ms="1" started-at="2014-06-20T00:54:24Z" finished-at="2014-06-20T00:54:24Z">
        </test-method>
        <test-method status="PASS" signature="testInputAll()[pri:0, instance:com.thoughtworks.prob1.test.TestValidatorsAndTransformers@29c56c60]" name="testInputAll" duration-ms="1" started-at="2014-06-20T00:54:24Z" finished-at="2014-06-20T00:54:24Z">
        </test-method>
      </class>
    </test>
  </suite>
</testng-results>
